<?xml version="1.0" encoding="UTF-8"?>
<testsuite xmlns:xsi="http://www.w3.org/2001/XMLSchema-instance" xsi:noNamespaceSchemaLocation="https://maven.apache.org/surefire/maven-surefire-plugin/xsd/surefire-test-report.xsd" name="com.aaryadevg.OperationsTest" time="0.068" tests="9" errors="0" skipped="0" failures="0">
  <properties>
[...]
</properties>
  <testcase name="subtraction" classname="com.aaryadevg.OperationsTest" time="0.003"/>
  <testcase name="exponentiation" classname="com.aaryadevg.OperationsTest" time="0"/>
  <testcase name="addition" classname="com.aaryadevg.OperationsTest" time="0.001"/>
  <testcase name="powTest" classname="com.aaryadevg.OperationsTest" time="0"/>
  <testcase name="division" classname="com.aaryadevg.OperationsTest" time="0.001"/>
  <testcase name="multiplication" classname="com.aaryadevg.OperationsTest" time="0.001"/>
  <testcase name="log10Test" classname="com.aaryadevg.OperationsTest" time="0"/>
  <testcase name="naturalLogTest" classname="com.aaryadevg.OperationsTest" time="0.001"/>
  <testcase name="multiOP" classname="com.aaryadevg.OperationsTest" time="0"/>
</testsuite>